<?xml version="1.0" encoding="UTF-8"?>
<!-- Generated by org.testng.reporters.JUnitReportReporter -->
<testsuite hostname="Hp" failures="0" tests="1" name="Assign19Annot.Testcase3" time="112.937" errors="0" timestamp="2020-12-30T15:59:24 IST" skipped="0">
  <testcase classname="Assign19Annot.Testcase3" name="testcase2" time="112.937"/>
</testsuite> <!-- Assign19Annot.Testcase3 -->
