<?xml version="1.0" encoding="UTF-8"?>
<!-- Generated by org.testng.reporters.JUnitReportReporter -->
<testsuite hostname="Hp" failures="0" tests="3" name="Basicprograms.TestNG" time="0.039" errors="0" timestamp="2020-12-28T15:32:59 IST" skipped="0">
  <testcase classname="Basicprograms.TestNG" name="chats" time="0.029"/>
  <testcase classname="Basicprograms.TestNG" name="settings" time="0.006"/>
  <testcase classname="Basicprograms.TestNG" name="calls" time="0.004"/>
</testsuite> <!-- Basicprograms.TestNG -->
