<?xml version="1.0" encoding="UTF-8"?>
<!-- Generated by org.testng.reporters.JUnitReportReporter -->
<testsuite hostname="Hp" failures="0" tests="1" name="TestNG.Parallelexecution" time="72.698" errors="0" timestamp="2020-12-30T13:58:24 IST" skipped="0">
  <testcase classname="TestNG.Parallelexecution" name="test" time="72.698"/>
</testsuite> <!-- TestNG.Parallelexecution -->
